<?xml version="1.0" encoding="UTF-8"?>
<!-- Generated by org.testng.reporters.JUnitXMLReporter -->
<testsuite hostname="RABINDRA-PC" ignored="0" name="Command line test" tests="12" failures="0" timestamp="22 Dec 2018 16:52:13 GMT" time="14.738" errors="0">
  <testcase name="loginTest" time="0.071" classname="com.selenium.framework.datadriven.Portfolio.LoginTest">
    <skipped/>
  </testcase> <!-- loginTest -->
  <testcase name="loginTest" time="13.713" classname="com.selenium.framework.datadriven.Portfolio.LoginTest"/>
  <testcase name="loginTest" time="0.086" classname="com.selenium.framework.datadriven.Portfolio.LoginTest">
    <skipped/>
  </testcase> <!-- loginTest -->
  <testcase name="loginTest" time="0.053" classname="com.selenium.framework.datadriven.Portfolio.LoginTest">
    <skipped/>
  </testcase> <!-- loginTest -->
  <testcase name="test2" time="0.052" classname="com.selenium.framework.datadriven.Portfolio.Test2">
    <skipped/>
  </testcase> <!-- test2 -->
  <testcase name="test3" time="0.001" classname="com.selenium.framework.datadriven.Portfolio.Test3"/>
  <testcase name="test4" time="0.0" classname="com.selenium.framework.datadriven.Portfolio.Test4"/>
  <testcase name="test1" time="0.0" classname="com.selenium.framework.datadriven.Portfolio.Test5"/>
  <testcase name="test1" time="0.044" classname="com.selenium.framework.datadriven.suiteB.Test1">
    <skipped/>
  </testcase> <!-- test1 -->
  <testcase name="test1" time="0.042" classname="com.selenium.framework.datadriven.suiteB.Test1">
    <skipped/>
  </testcase> <!-- test1 -->
  <testcase name="test1" time="0.04" classname="com.selenium.framework.datadriven.suiteB.Test1">
    <skipped/>
  </testcase> <!-- test1 -->
  <testcase name="test1" time="0.042" classname="com.selenium.framework.datadriven.suiteB.Test1"/>
</testsuite> <!-- Command line test -->
