<?xml version="1.0" encoding="UTF-8"?>
<!-- Generated by org.testng.reporters.JUnitXMLReporter -->
<testsuite hostname="RABINDRA-PC" ignored="0" name="AddStock" tests="3" failures="0" timestamp="25 Dec 2018 15:06:43 GMT" time="51.074" errors="0">
  <testcase name="AddStock" time="50.203" classname="com.selenium.framework.datadriven.StockSuite.AddStock"/>
  <testcase name="AddStock" time="0.043" classname="com.selenium.framework.datadriven.StockSuite.AddStock">
    <skipped/>
  </testcase> <!-- AddStock -->
  <testcase name="AddStock" time="0.055" classname="com.selenium.framework.datadriven.StockSuite.AddStock">
    <skipped/>
  </testcase> <!-- AddStock -->
</testsuite> <!-- AddStock -->
