<?xml version="1.0" encoding="UTF-8"?>
<!-- Generated by org.testng.reporters.JUnitXMLReporter -->
<testsuite hostname="RABINDRA-PC" ignored="0" name="Test1" tests="1" failures="1" timestamp="22 Dec 2018 08:57:53 GMT" time="0.544" errors="0">
  <testcase name="test1" time="0.074" classname="com.selenium.framework.datadriven.suiteA.LoginTest">
    <failure type="java.lang.NullPointerException">
      <![CDATA[java.lang.NullPointerException
at com.selenium.framework.datadriven.TestBase.validateRunmodes(TestBase.java:59)
at com.selenium.framework.datadriven.suiteA.LoginTest.test1(LoginTest.java:15)
... Removed 26 stack frames]]>
    </failure>
  </testcase> <!-- test1 -->
</testsuite> <!-- Test1 -->
