<?xml version="1.0" encoding="UTF-8"?>
<!-- Generated by org.testng.reporters.JUnitXMLReporter -->
<testsuite hostname="RABINDRA-PC" ignored="0" name="LoginTest" tests="4" failures="0" timestamp="25 Dec 2018 15:05:51 GMT" time="0.776" errors="0">
  <testcase name="loginTest" time="0.077" classname="com.selenium.framework.datadriven.Portfolio.LoginTest">
    <skipped/>
  </testcase> <!-- loginTest -->
  <testcase name="loginTest" time="0.054" classname="com.selenium.framework.datadriven.Portfolio.LoginTest">
    <skipped/>
  </testcase> <!-- loginTest -->
  <testcase name="loginTest" time="0.058" classname="com.selenium.framework.datadriven.Portfolio.LoginTest">
    <skipped/>
  </testcase> <!-- loginTest -->
  <testcase name="loginTest" time="0.059" classname="com.selenium.framework.datadriven.Portfolio.LoginTest">
    <skipped/>
  </testcase> <!-- loginTest -->
</testsuite> <!-- LoginTest -->
