<?xml version="1.0" encoding="UTF-8"?>
<!-- Generated by org.testng.reporters.JUnitXMLReporter -->
<testsuite hostname="RABINDRA-PC" ignored="0" name="Test1" tests="4" failures="0" timestamp="23 Dec 2018 09:00:19 GMT" time="0.392" errors="0">
  <testcase name="test1" time="0.127" classname="com.selenium.framework.datadriven.suiteB.Test1">
    <skipped/>
  </testcase> <!-- test1 -->
  <testcase name="test1" time="0.049" classname="com.selenium.framework.datadriven.suiteB.Test1">
    <skipped/>
  </testcase> <!-- test1 -->
  <testcase name="test1" time="0.038" classname="com.selenium.framework.datadriven.suiteB.Test1">
    <skipped/>
  </testcase> <!-- test1 -->
  <testcase name="test1" time="0.047" classname="com.selenium.framework.datadriven.suiteB.Test1"/>
</testsuite> <!-- Test1 -->
